<?xml version="1.0" encoding="UTF-8"?>
<coverage generated="1660675416947" clover="3.2.0">
  <project timestamp="1660675416947" name="All files">
    <metrics statements="69" coveredstatements="69" conditionals="44" coveredconditionals="44" methods="8" coveredmethods="8" elements="121" coveredelements="121" complexity="0" loc="69" ncloc="69" packages="1" files="7" classes="7"/>
    <file name="bônus.js" path="/home/rodrigo/Área de Trabalho/Trybe exercicios/01-fundamentos/bloco-07-intriducao-a-javascript-es6-e-testes-unitarios/dia-03-testes-unitarios/bônus.js">
      <metrics statements="13" coveredstatements="13" conditionals="6" coveredconditionals="6" methods="1" coveredmethods="1"/>
      <line num="2" count="1" type="stmt"/>
      <line num="41" count="1" type="stmt"/>
      <line num="42" count="7" type="stmt"/>
      <line num="43" count="7" type="stmt"/>
      <line num="44" count="42" type="stmt"/>
      <line num="45" count="42" type="cond" truecount="2" falsecount="0"/>
      <line num="46" count="5" type="stmt"/>
      <line num="49" count="7" type="cond" truecount="2" falsecount="0"/>
      <line num="50" count="2" type="stmt"/>
      <line num="53" count="5" type="cond" truecount="2" falsecount="0"/>
      <line num="54" count="2" type="stmt"/>
      <line num="57" count="3" type="stmt"/>
      <line num="61" count="1" type="stmt"/>
    </file>
    <file name="encodeDecode.js" path="/home/rodrigo/Área de Trabalho/Trybe exercicios/01-fundamentos/bloco-07-intriducao-a-javascript-es6-e-testes-unitarios/dia-03-testes-unitarios/encodeDecode.js">
      <metrics statements="19" coveredstatements="19" conditionals="18" coveredconditionals="18" methods="2" coveredmethods="2"/>
      <line num="2" count="3" type="stmt"/>
      <line num="3" count="3" type="stmt"/>
      <line num="5" count="3" type="stmt"/>
      <line num="6" count="27" type="cond" truecount="7" falsecount="0"/>
      <line num="7" count="14" type="stmt"/>
      <line num="9" count="13" type="stmt"/>
      <line num="10" count="65" type="cond" truecount="2" falsecount="0"/>
      <line num="11" count="13" type="stmt"/>
      <line num="16" count="3" type="stmt"/>
      <line num="20" count="3" type="stmt"/>
      <line num="22" count="3" type="stmt"/>
      <line num="24" count="3" type="stmt"/>
      <line num="25" count="27" type="cond" truecount="7" falsecount="0"/>
      <line num="26" count="14" type="stmt"/>
      <line num="28" count="13" type="stmt"/>
      <line num="29" count="65" type="cond" truecount="2" falsecount="0"/>
      <line num="30" count="13" type="stmt"/>
      <line num="35" count="3" type="stmt"/>
      <line num="38" count="1" type="stmt"/>
    </file>
    <file name="fizzbuzz.js" path="/home/rodrigo/Área de Trabalho/Trybe exercicios/01-fundamentos/bloco-07-intriducao-a-javascript-es6-e-testes-unitarios/dia-03-testes-unitarios/fizzbuzz.js">
      <metrics statements="6" coveredstatements="6" conditionals="10" coveredconditionals="10" methods="1" coveredmethods="1"/>
      <line num="2" count="5" type="cond" truecount="2" falsecount="0"/>
      <line num="3" count="4" type="cond" truecount="4" falsecount="0"/>
      <line num="4" count="3" type="cond" truecount="2" falsecount="0"/>
      <line num="5" count="2" type="cond" truecount="2" falsecount="0"/>
      <line num="6" count="1" type="stmt"/>
      <line num="11" count="1" type="stmt"/>
    </file>
    <file name="hydrate.js" path="/home/rodrigo/Área de Trabalho/Trybe exercicios/01-fundamentos/bloco-07-intriducao-a-javascript-es6-e-testes-unitarios/dia-03-testes-unitarios/hydrate.js">
      <metrics statements="9" coveredstatements="9" conditionals="2" coveredconditionals="2" methods="1" coveredmethods="1"/>
      <line num="2" count="5" type="stmt"/>
      <line num="3" count="5" type="stmt"/>
      <line num="4" count="5" type="stmt"/>
      <line num="6" count="5" type="stmt"/>
      <line num="7" count="12" type="stmt"/>
      <line num="9" count="5" type="cond" truecount="2" falsecount="0"/>
      <line num="10" count="1" type="stmt"/>
      <line num="11" count="4" type="stmt"/>
      <line num="14" count="1" type="stmt"/>
    </file>
    <file name="remove.js" path="/home/rodrigo/Área de Trabalho/Trybe exercicios/01-fundamentos/bloco-07-intriducao-a-javascript-es6-e-testes-unitarios/dia-03-testes-unitarios/remove.js">
      <metrics statements="6" coveredstatements="6" conditionals="2" coveredconditionals="2" methods="1" coveredmethods="1"/>
      <line num="3" count="3" type="stmt"/>
      <line num="4" count="3" type="stmt"/>
      <line num="5" count="8" type="cond" truecount="2" falsecount="0"/>
      <line num="6" count="7" type="stmt"/>
      <line num="9" count="3" type="stmt"/>
      <line num="12" count="1" type="stmt"/>
    </file>
    <file name="script.js" path="/home/rodrigo/Área de Trabalho/Trybe exercicios/01-fundamentos/bloco-07-intriducao-a-javascript-es6-e-testes-unitarios/dia-03-testes-unitarios/script.js">
      <metrics statements="4" coveredstatements="4" conditionals="4" coveredconditionals="4" methods="1" coveredmethods="1"/>
      <line num="3" count="4" type="cond" truecount="4" falsecount="0"/>
      <line num="4" count="2" type="stmt"/>
      <line num="7" count="2" type="stmt"/>
      <line num="10" count="1" type="stmt"/>
    </file>
    <file name="techList.js" path="/home/rodrigo/Área de Trabalho/Trybe exercicios/01-fundamentos/bloco-07-intriducao-a-javascript-es6-e-testes-unitarios/dia-03-testes-unitarios/techList.js">
      <metrics statements="12" coveredstatements="12" conditionals="2" coveredconditionals="2" methods="1" coveredmethods="1"/>
      <line num="3" count="2" type="stmt"/>
      <line num="5" count="2" type="stmt"/>
      <line num="7" count="2" type="cond" truecount="2" falsecount="0"/>
      <line num="8" count="1" type="stmt"/>
      <line num="10" count="1" type="stmt"/>
      <line num="11" count="1" type="stmt"/>
      <line num="12" count="5" type="stmt"/>
      <line num="13" count="5" type="stmt"/>
      <line num="14" count="5" type="stmt"/>
      <line num="15" count="5" type="stmt"/>
      <line num="18" count="2" type="stmt"/>
      <line num="21" count="1" type="stmt"/>
    </file>
  </project>
</coverage>
