{"/home/rodrigo/Área de Trabalho/Trybe exercicios/01-fundamentos/bloco-07-intriducao-a-javascript-es6-e-testes-unitarios/dia-03-testes-unitarios/bônus.js": {"path":"/home/rodrigo/Área de Trabalho/Trybe exercicios/01-fundamentos/bloco-07-intriducao-a-javascript-es6-e-testes-unitarios/dia-03-testes-unitarios/bônus.js","statementMap":{"0":{"start":{"line":2,"column":26},"end":{"line":39,"column":1}},"1":{"start":{"line":41,"column":23},"end":{"line":58,"column":1}},"2":{"start":{"line":42,"column":15},"end":{"line":42,"column":17}},"3":{"start":{"line":43,"column":2},"end":{"line":48,"column":3}},"4":{"start":{"line":43,"column":19},"end":{"line":43,"column":20}},"5":{"start":{"line":44,"column":26},"end":{"line":44,"column":50}},"6":{"start":{"line":45,"column":4},"end":{"line":47,"column":5}},"7":{"start":{"line":46,"column":6},"end":{"line":46,"column":29}},"8":{"start":{"line":49,"column":2},"end":{"line":51,"column":3}},"9":{"start":{"line":50,"column":4},"end":{"line":50,"column":43}},"10":{"start":{"line":53,"column":2},"end":{"line":55,"column":3}},"11":{"start":{"line":54,"column":4},"end":{"line":54,"column":47}},"12":{"start":{"line":57,"column":2},"end":{"line":57,"column":24}},"13":{"start":{"line":61,"column":0},"end":{"line":61,"column":32}}},"fnMap":{"0":{"name":"(anonymous_0)","decl":{"start":{"line":41,"column":23},"end":{"line":41,"column":24}},"loc":{"start":{"line":41,"column":39},"end":{"line":58,"column":1}},"line":41}},"branchMap":{"0":{"loc":{"start":{"line":45,"column":4},"end":{"line":47,"column":5}},"type":"if","locations":[{"start":{"line":45,"column":4},"end":{"line":47,"column":5}},{"start":{},"end":{}}],"line":45},"1":{"loc":{"start":{"line":49,"column":2},"end":{"line":51,"column":3}},"type":"if","locations":[{"start":{"line":49,"column":2},"end":{"line":51,"column":3}},{"start":{},"end":{}}],"line":49},"2":{"loc":{"start":{"line":53,"column":2},"end":{"line":55,"column":3}},"type":"if","locations":[{"start":{"line":53,"column":2},"end":{"line":55,"column":3}},{"start":{},"end":{}}],"line":53}},"s":{"0":1,"1":1,"2":7,"3":7,"4":7,"5":42,"6":42,"7":5,"8":7,"9":2,"10":5,"11":2,"12":3,"13":1},"f":{"0":7},"b":{"0":[5,37],"1":[2,5],"2":[2,3]},"_coverageSchema":"1a1c01bbd47fc00a2c39e90264f33305004495a9","hash":"dbf301e3d0909e4dc5c9684091d3a1fa481a1e3c"}
,"/home/rodrigo/Área de Trabalho/Trybe exercicios/01-fundamentos/bloco-07-intriducao-a-javascript-es6-e-testes-unitarios/dia-03-testes-unitarios/encodeDecode.js": {"path":"/home/rodrigo/Área de Trabalho/Trybe exercicios/01-fundamentos/bloco-07-intriducao-a-javascript-es6-e-testes-unitarios/dia-03-testes-unitarios/encodeDecode.js","statementMap":{"0":{"start":{"line":2,"column":17},"end":{"line":2,"column":59}},"1":{"start":{"line":3,"column":22},"end":{"line":3,"column":24}},"2":{"start":{"line":5,"column":2},"end":{"line":15,"column":3}},"3":{"start":{"line":6,"column":4},"end":{"line":14,"column":5}},"4":{"start":{"line":7,"column":6},"end":{"line":7,"column":34}},"5":{"start":{"line":9,"column":6},"end":{"line":13,"column":7}},"6":{"start":{"line":10,"column":8},"end":{"line":12,"column":9}},"7":{"start":{"line":11,"column":10},"end":{"line":11,"column":39}},"8":{"start":{"line":16,"column":2},"end":{"line":16,"column":23}},"9":{"start":{"line":20,"column":18},"end":{"line":20,"column":60}},"10":{"start":{"line":22,"column":22},"end":{"line":22,"column":24}},"11":{"start":{"line":24,"column":2},"end":{"line":34,"column":3}},"12":{"start":{"line":25,"column":4},"end":{"line":33,"column":5}},"13":{"start":{"line":26,"column":6},"end":{"line":26,"column":34}},"14":{"start":{"line":28,"column":6},"end":{"line":32,"column":7}},"15":{"start":{"line":29,"column":8},"end":{"line":31,"column":9}},"16":{"start":{"line":30,"column":10},"end":{"line":30,"column":40}},"17":{"start":{"line":35,"column":2},"end":{"line":35,"column":23}},"18":{"start":{"line":38,"column":0},"end":{"line":41,"column":2}}},"fnMap":{"0":{"name":"encode","decl":{"start":{"line":1,"column":9},"end":{"line":1,"column":15}},"loc":{"start":{"line":1,"column":21},"end":{"line":17,"column":1}},"line":1},"1":{"name":"decode","decl":{"start":{"line":18,"column":9},"end":{"line":18,"column":15}},"loc":{"start":{"line":18,"column":21},"end":{"line":36,"column":1}},"line":18}},"branchMap":{"0":{"loc":{"start":{"line":6,"column":4},"end":{"line":14,"column":5}},"type":"if","locations":[{"start":{"line":6,"column":4},"end":{"line":14,"column":5}},{"start":{"line":8,"column":11},"end":{"line":14,"column":5}}],"line":6},"1":{"loc":{"start":{"line":6,"column":8},"end":{"line":6,"column":114}},"type":"binary-expr","locations":[{"start":{"line":6,"column":8},"end":{"line":6,"column":26}},{"start":{"line":6,"column":30},"end":{"line":6,"column":48}},{"start":{"line":6,"column":52},"end":{"line":6,"column":70}},{"start":{"line":6,"column":74},"end":{"line":6,"column":92}},{"start":{"line":6,"column":96},"end":{"line":6,"column":114}}],"line":6},"2":{"loc":{"start":{"line":10,"column":8},"end":{"line":12,"column":9}},"type":"if","locations":[{"start":{"line":10,"column":8},"end":{"line":12,"column":9}},{"start":{},"end":{}}],"line":10},"3":{"loc":{"start":{"line":25,"column":4},"end":{"line":33,"column":5}},"type":"if","locations":[{"start":{"line":25,"column":4},"end":{"line":33,"column":5}},{"start":{"line":27,"column":11},"end":{"line":33,"column":5}}],"line":25},"4":{"loc":{"start":{"line":25,"column":8},"end":{"line":25,"column":114}},"type":"binary-expr","locations":[{"start":{"line":25,"column":8},"end":{"line":25,"column":26}},{"start":{"line":25,"column":30},"end":{"line":25,"column":48}},{"start":{"line":25,"column":52},"end":{"line":25,"column":70}},{"start":{"line":25,"column":74},"end":{"line":25,"column":92}},{"start":{"line":25,"column":96},"end":{"line":25,"column":114}}],"line":25},"5":{"loc":{"start":{"line":29,"column":8},"end":{"line":31,"column":9}},"type":"if","locations":[{"start":{"line":29,"column":8},"end":{"line":31,"column":9}},{"start":{},"end":{}}],"line":29}},"s":{"0":3,"1":3,"2":3,"3":27,"4":14,"5":13,"6":65,"7":13,"8":3,"9":3,"10":3,"11":3,"12":27,"13":14,"14":13,"15":65,"16":13,"17":3,"18":1},"f":{"0":3,"1":3},"b":{"0":[14,13],"1":[27,25,23,20,16],"2":[13,52],"3":[14,13],"4":[27,25,23,20,16],"5":[13,52]},"_coverageSchema":"1a1c01bbd47fc00a2c39e90264f33305004495a9","hash":"c5a0377f66e1bf88916027801bfe943c609cf70f"}
,"/home/rodrigo/Área de Trabalho/Trybe exercicios/01-fundamentos/bloco-07-intriducao-a-javascript-es6-e-testes-unitarios/dia-03-testes-unitarios/fizzbuzz.js": {"path":"/home/rodrigo/Área de Trabalho/Trybe exercicios/01-fundamentos/bloco-07-intriducao-a-javascript-es6-e-testes-unitarios/dia-03-testes-unitarios/fizzbuzz.js","statementMap":{"0":{"start":{"line":2,"column":2},"end":{"line":2,"column":44}},"1":{"start":{"line":2,"column":31},"end":{"line":2,"column":44}},"2":{"start":{"line":3,"column":2},"end":{"line":3,"column":56}},"3":{"start":{"line":3,"column":38},"end":{"line":3,"column":56}},"4":{"start":{"line":4,"column":2},"end":{"line":4,"column":35}},"5":{"start":{"line":4,"column":21},"end":{"line":4,"column":35}},"6":{"start":{"line":5,"column":2},"end":{"line":5,"column":35}},"7":{"start":{"line":5,"column":21},"end":{"line":5,"column":35}},"8":{"start":{"line":6,"column":2},"end":{"line":6,"column":13}},"9":{"start":{"line":11,"column":0},"end":{"line":11,"column":28}}},"fnMap":{"0":{"name":"myFizzBuzz","decl":{"start":{"line":1,"column":9},"end":{"line":1,"column":19}},"loc":{"start":{"line":1,"column":25},"end":{"line":7,"column":1}},"line":1}},"branchMap":{"0":{"loc":{"start":{"line":2,"column":2},"end":{"line":2,"column":44}},"type":"if","locations":[{"start":{"line":2,"column":2},"end":{"line":2,"column":44}},{"start":{},"end":{}}],"line":2},"1":{"loc":{"start":{"line":3,"column":2},"end":{"line":3,"column":56}},"type":"if","locations":[{"start":{"line":3,"column":2},"end":{"line":3,"column":56}},{"start":{},"end":{}}],"line":3},"2":{"loc":{"start":{"line":3,"column":6},"end":{"line":3,"column":36}},"type":"binary-expr","locations":[{"start":{"line":3,"column":6},"end":{"line":3,"column":19}},{"start":{"line":3,"column":23},"end":{"line":3,"column":36}}],"line":3},"3":{"loc":{"start":{"line":4,"column":2},"end":{"line":4,"column":35}},"type":"if","locations":[{"start":{"line":4,"column":2},"end":{"line":4,"column":35}},{"start":{},"end":{}}],"line":4},"4":{"loc":{"start":{"line":5,"column":2},"end":{"line":5,"column":35}},"type":"if","locations":[{"start":{"line":5,"column":2},"end":{"line":5,"column":35}},{"start":{},"end":{}}],"line":5}},"s":{"0":5,"1":1,"2":4,"3":1,"4":3,"5":1,"6":2,"7":1,"8":1,"9":1},"f":{"0":5},"b":{"0":[1,4],"1":[1,3],"2":[4,2],"3":[1,2],"4":[1,1]},"_coverageSchema":"1a1c01bbd47fc00a2c39e90264f33305004495a9","hash":"c054a877144e44f24d3b7af3ff65d1c2dfcc0eca"}
,"/home/rodrigo/Área de Trabalho/Trybe exercicios/01-fundamentos/bloco-07-intriducao-a-javascript-es6-e-testes-unitarios/dia-03-testes-unitarios/hydrate.js": {"path":"/home/rodrigo/Área de Trabalho/Trybe exercicios/01-fundamentos/bloco-07-intriducao-a-javascript-es6-e-testes-unitarios/dia-03-testes-unitarios/hydrate.js","statementMap":{"0":{"start":{"line":2,"column":15},"end":{"line":2,"column":21}},"1":{"start":{"line":3,"column":14},"end":{"line":3,"column":29}},"2":{"start":{"line":4,"column":17},"end":{"line":4,"column":18}},"3":{"start":{"line":6,"column":4},"end":{"line":8,"column":5}},"4":{"start":{"line":6,"column":21},"end":{"line":6,"column":22}},"5":{"start":{"line":7,"column":6},"end":{"line":7,"column":41}},"6":{"start":{"line":9,"column":4},"end":{"line":11,"column":5}},"7":{"start":{"line":10,"column":6},"end":{"line":10,"column":38}},"8":{"start":{"line":11,"column":6},"end":{"line":11,"column":39}},"9":{"start":{"line":14,"column":2},"end":{"line":14,"column":27}}},"fnMap":{"0":{"name":"hydrate","decl":{"start":{"line":1,"column":9},"end":{"line":1,"column":16}},"loc":{"start":{"line":1,"column":22},"end":{"line":12,"column":3}},"line":1}},"branchMap":{"0":{"loc":{"start":{"line":9,"column":4},"end":{"line":11,"column":5}},"type":"if","locations":[{"start":{"line":9,"column":4},"end":{"line":11,"column":5}},{"start":{},"end":{}}],"line":9}},"s":{"0":5,"1":5,"2":5,"3":5,"4":5,"5":12,"6":5,"7":1,"8":4,"9":1},"f":{"0":5},"b":{"0":[1,4]},"_coverageSchema":"1a1c01bbd47fc00a2c39e90264f33305004495a9","hash":"f66ad836fc506d7306884bebcec0d4feb5b3a8c3"}
,"/home/rodrigo/Área de Trabalho/Trybe exercicios/01-fundamentos/bloco-07-intriducao-a-javascript-es6-e-testes-unitarios/dia-03-testes-unitarios/remove.js": {"path":"/home/rodrigo/Área de Trabalho/Trybe exercicios/01-fundamentos/bloco-07-intriducao-a-javascript-es6-e-testes-unitarios/dia-03-testes-unitarios/remove.js","statementMap":{"0":{"start":{"line":3,"column":15},"end":{"line":3,"column":17}},"1":{"start":{"line":4,"column":2},"end":{"line":8,"column":3}},"2":{"start":{"line":4,"column":19},"end":{"line":4,"column":20}},"3":{"start":{"line":5,"column":4},"end":{"line":7,"column":5}},"4":{"start":{"line":6,"column":6},"end":{"line":6,"column":30}},"5":{"start":{"line":9,"column":2},"end":{"line":9,"column":16}},"6":{"start":{"line":12,"column":0},"end":{"line":12,"column":26}}},"fnMap":{"0":{"name":"myRemove","decl":{"start":{"line":2,"column":9},"end":{"line":2,"column":17}},"loc":{"start":{"line":2,"column":29},"end":{"line":10,"column":1}},"line":2}},"branchMap":{"0":{"loc":{"start":{"line":5,"column":4},"end":{"line":7,"column":5}},"type":"if","locations":[{"start":{"line":5,"column":4},"end":{"line":7,"column":5}},{"start":{},"end":{}}],"line":5}},"s":{"0":3,"1":3,"2":3,"3":8,"4":7,"5":3,"6":1},"f":{"0":3},"b":{"0":[7,1]},"_coverageSchema":"1a1c01bbd47fc00a2c39e90264f33305004495a9","hash":"f3097514b23d8588eb3ef91a394bba400a19ede4"}
,"/home/rodrigo/Área de Trabalho/Trybe exercicios/01-fundamentos/bloco-07-intriducao-a-javascript-es6-e-testes-unitarios/dia-03-testes-unitarios/script.js": {"path":"/home/rodrigo/Área de Trabalho/Trybe exercicios/01-fundamentos/bloco-07-intriducao-a-javascript-es6-e-testes-unitarios/dia-03-testes-unitarios/script.js","statementMap":{"0":{"start":{"line":3,"column":2},"end":{"line":5,"column":3}},"1":{"start":{"line":4,"column":4},"end":{"line":4,"column":50}},"2":{"start":{"line":7,"column":2},"end":{"line":7,"column":15}},"3":{"start":{"line":10,"column":0},"end":{"line":10,"column":21}}},"fnMap":{"0":{"name":"sum","decl":{"start":{"line":2,"column":9},"end":{"line":2,"column":12}},"loc":{"start":{"line":2,"column":19},"end":{"line":8,"column":1}},"line":2}},"branchMap":{"0":{"loc":{"start":{"line":3,"column":2},"end":{"line":5,"column":3}},"type":"if","locations":[{"start":{"line":3,"column":2},"end":{"line":5,"column":3}},{"start":{},"end":{}}],"line":3},"1":{"loc":{"start":{"line":3,"column":6},"end":{"line":3,"column":52}},"type":"binary-expr","locations":[{"start":{"line":3,"column":6},"end":{"line":3,"column":27}},{"start":{"line":3,"column":31},"end":{"line":3,"column":52}}],"line":3}},"s":{"0":4,"1":2,"2":2,"3":1},"f":{"0":4},"b":{"0":[2,2],"1":[4,4]},"_coverageSchema":"1a1c01bbd47fc00a2c39e90264f33305004495a9","hash":"15f5d51e981dc1a45ce3f5ab62641b5aeee0b6b9"}
,"/home/rodrigo/Área de Trabalho/Trybe exercicios/01-fundamentos/bloco-07-intriducao-a-javascript-es6-e-testes-unitarios/dia-03-testes-unitarios/techList.js": {"path":"/home/rodrigo/Área de Trabalho/Trybe exercicios/01-fundamentos/bloco-07-intriducao-a-javascript-es6-e-testes-unitarios/dia-03-testes-unitarios/techList.js","statementMap":{"0":{"start":{"line":3,"column":13},"end":{"line":3,"column":15}},"1":{"start":{"line":5,"column":15},"end":{"line":5,"column":25}},"2":{"start":{"line":7,"column":2},"end":{"line":17,"column":3}},"3":{"start":{"line":8,"column":4},"end":{"line":8,"column":25}},"4":{"start":{"line":10,"column":4},"end":{"line":10,"column":19}},"5":{"start":{"line":11,"column":4},"end":{"line":16,"column":5}},"6":{"start":{"line":11,"column":21},"end":{"line":11,"column":22}},"7":{"start":{"line":12,"column":6},"end":{"line":12,"column":22}},"8":{"start":{"line":13,"column":6},"end":{"line":13,"column":32}},"9":{"start":{"line":14,"column":6},"end":{"line":14,"column":27}},"10":{"start":{"line":15,"column":6},"end":{"line":15,"column":16}},"11":{"start":{"line":18,"column":2},"end":{"line":18,"column":19}},"12":{"start":{"line":21,"column":0},"end":{"line":21,"column":26}}},"fnMap":{"0":{"name":"techList","decl":{"start":{"line":1,"column":9},"end":{"line":1,"column":17}},"loc":{"start":{"line":1,"column":28},"end":{"line":19,"column":1}},"line":1}},"branchMap":{"0":{"loc":{"start":{"line":7,"column":2},"end":{"line":17,"column":3}},"type":"if","locations":[{"start":{"line":7,"column":2},"end":{"line":17,"column":3}},{"start":{"line":9,"column":9},"end":{"line":17,"column":3}}],"line":7}},"s":{"0":2,"1":2,"2":2,"3":1,"4":1,"5":1,"6":1,"7":5,"8":5,"9":5,"10":5,"11":2,"12":1},"f":{"0":2},"b":{"0":[1,1]},"_coverageSchema":"1a1c01bbd47fc00a2c39e90264f33305004495a9","hash":"0dac39cf2b630634bd421393c89273f625efd284"}
}
