TN:
SF:bônus.js
FN:41,(anonymous_0)
FNF:1
FNH:1
FNDA:7,(anonymous_0)
DA:2,1
DA:41,1
DA:42,7
DA:43,7
DA:44,42
DA:45,42
DA:46,5
DA:49,7
DA:50,2
DA:53,5
DA:54,2
DA:57,3
DA:61,1
LF:13
LH:13
BRDA:45,0,0,5
BRDA:45,0,1,37
BRDA:49,1,0,2
BRDA:49,1,1,5
BRDA:53,2,0,2
BRDA:53,2,1,3
BRF:6
BRH:6
end_of_record
TN:
SF:encodeDecode.js
FN:1,encode
FN:18,decode
FNF:2
FNH:2
FNDA:3,encode
FNDA:3,decode
DA:2,3
DA:3,3
DA:5,3
DA:6,27
DA:7,14
DA:9,13
DA:10,65
DA:11,13
DA:16,3
DA:20,3
DA:22,3
DA:24,3
DA:25,27
DA:26,14
DA:28,13
DA:29,65
DA:30,13
DA:35,3
DA:38,1
LF:19
LH:19
BRDA:6,0,0,14
BRDA:6,0,1,13
BRDA:6,1,0,27
BRDA:6,1,1,25
BRDA:6,1,2,23
BRDA:6,1,3,20
BRDA:6,1,4,16
BRDA:10,2,0,13
BRDA:10,2,1,52
BRDA:25,3,0,14
BRDA:25,3,1,13
BRDA:25,4,0,27
BRDA:25,4,1,25
BRDA:25,4,2,23
BRDA:25,4,3,20
BRDA:25,4,4,16
BRDA:29,5,0,13
BRDA:29,5,1,52
BRF:18
BRH:18
end_of_record
TN:
SF:fizzbuzz.js
FN:1,myFizzBuzz
FNF:1
FNH:1
FNDA:5,myFizzBuzz
DA:2,5
DA:3,4
DA:4,3
DA:5,2
DA:6,1
DA:11,1
LF:6
LH:6
BRDA:2,0,0,1
BRDA:2,0,1,4
BRDA:3,1,0,1
BRDA:3,1,1,3
BRDA:3,2,0,4
BRDA:3,2,1,2
BRDA:4,3,0,1
BRDA:4,3,1,2
BRDA:5,4,0,1
BRDA:5,4,1,1
BRF:10
BRH:10
end_of_record
TN:
SF:hydrate.js
FN:1,hydrate
FNF:1
FNH:1
FNDA:5,hydrate
DA:2,5
DA:3,5
DA:4,5
DA:6,5
DA:7,12
DA:9,5
DA:10,1
DA:11,4
DA:14,1
LF:9
LH:9
BRDA:9,0,0,1
BRDA:9,0,1,4
BRF:2
BRH:2
end_of_record
TN:
SF:remove.js
FN:2,myRemove
FNF:1
FNH:1
FNDA:3,myRemove
DA:3,3
DA:4,3
DA:5,8
DA:6,7
DA:9,3
DA:12,1
LF:6
LH:6
BRDA:5,0,0,7
BRDA:5,0,1,1
BRF:2
BRH:2
end_of_record
TN:
SF:script.js
FN:2,sum
FNF:1
FNH:1
FNDA:4,sum
DA:3,4
DA:4,2
DA:7,2
DA:10,1
LF:4
LH:4
BRDA:3,0,0,2
BRDA:3,0,1,2
BRDA:3,1,0,4
BRDA:3,1,1,4
BRF:4
BRH:4
end_of_record
TN:
SF:techList.js
FN:1,techList
FNF:1
FNH:1
FNDA:2,techList
DA:3,2
DA:5,2
DA:7,2
DA:8,1
DA:10,1
DA:11,1
DA:12,5
DA:13,5
DA:14,5
DA:15,5
DA:18,2
DA:21,1
LF:12
LH:12
BRDA:7,0,0,1
BRDA:7,0,1,1
BRF:2
BRH:2
end_of_record
